<?xml version="1.0" encoding="UTF-8"?>
<!-- Generated by org.testng.reporters.JUnitReportReporter -->
<testsuite skipped="0" hostname="DESKTOP-LFQ2F83" name="jp.imanaga.marklogic_util.XQueryRunnerTest" tests="1" failures="0" timestamp="13 10 2018 11:51:31 GMT" time="0.011" errors="0">
  <testcase name="正常系" time="0.011" classname="jp.imanaga.marklogic_util.XQueryRunnerTest"/>
</testsuite> <!-- jp.imanaga.marklogic_util.XQueryRunnerTest -->
