<?xml version="1.0" encoding="UTF-8"?>
<!-- Generated by org.testng.reporters.JUnitReportReporter -->
<testsuite skipped="0" hostname="DESKTOP-LFQ2F83" name="jp.imanaga.marklogic_util.QueryRunnerTest" tests="5" failures="0" timestamp="13 10 2018 16:09:13 GMT" time="0.144" errors="0">
  <testcase name="normal" time="0.006" classname="jp.imanaga.marklogic_util.QueryRunnerTest"/>
  <testcase name="normal" time="0.004" classname="jp.imanaga.marklogic_util.QueryRunnerTest"/>
  <testcase name="normal" time="0.120" classname="jp.imanaga.marklogic_util.QueryRunnerTest"/>
  <testcase name="testAbnormalConnection" time="0.003" classname="jp.imanaga.marklogic_util.QueryRunnerTest"/>
  <testcase name="testAbnormalQuery" time="0.011" classname="jp.imanaga.marklogic_util.QueryRunnerTest"/>
</testsuite> <!-- jp.imanaga.marklogic_util.QueryRunnerTest -->
